<?xml version="1.0" encoding="UTF-8"?>
<testng-results ignored="0" total="2" passed="2" failed="0" skipped="0">
  <reporter-output>
  </reporter-output>
  <suite started-at="2023-02-20T00:21:43 IST" name="Default suite" finished-at="2023-02-20T00:21:43 IST" duration-ms="75">
    <groups>
    </groups>
    <test started-at="2023-02-20T00:21:43 IST" name="Default test" finished-at="2023-02-20T00:21:43 IST" duration-ms="75">
      <class name="demo.TestNGEx02">
        <test-method is-config="true" signature="setUp()[pri:0, instance:demo.TestNGEx02@1613674b]" started-at="2023-02-20T00:21:43 IST" name="setUp" finished-at="2023-02-20T00:21:43 IST" duration-ms="8" status="PASS">
          <reporter-output>
          </reporter-output>
        </test-method> <!-- setUp -->
        <test-method is-config="true" signature="homePg()[pri:0, instance:demo.TestNGEx02@1613674b]" started-at="2023-02-20T00:21:43 IST" name="homePg" finished-at="2023-02-20T00:21:43 IST" duration-ms="0" status="PASS">
          <reporter-output>
          </reporter-output>
        </test-method> <!-- homePg -->
        <test-method signature="userReg()[pri:1, instance:demo.TestNGEx02@1613674b]" started-at="2023-02-20T00:21:43 IST" name="userReg" finished-at="2023-02-20T00:21:43 IST" duration-ms="8" status="PASS">
          <reporter-output>
          </reporter-output>
        </test-method> <!-- userReg -->
        <test-method is-config="true" signature="refreshPg()[pri:0, instance:demo.TestNGEx02@1613674b]" started-at="2023-02-20T00:21:43 IST" name="refreshPg" finished-at="2023-02-20T00:21:43 IST" duration-ms="1" status="PASS">
          <reporter-output>
          </reporter-output>
        </test-method> <!-- refreshPg -->
        <test-method is-config="true" signature="homePg()[pri:0, instance:demo.TestNGEx02@1613674b]" started-at="2023-02-20T00:21:43 IST" name="homePg" finished-at="2023-02-20T00:21:43 IST" duration-ms="0" status="PASS">
          <reporter-output>
          </reporter-output>
        </test-method> <!-- homePg -->
        <test-method signature="userLogin()[pri:2, instance:demo.TestNGEx02@1613674b]" started-at="2023-02-20T00:21:43 IST" name="userLogin" finished-at="2023-02-20T00:21:43 IST" duration-ms="1" status="PASS">
          <reporter-output>
          </reporter-output>
        </test-method> <!-- userLogin -->
        <test-method is-config="true" signature="refreshPg()[pri:0, instance:demo.TestNGEx02@1613674b]" started-at="2023-02-20T00:21:43 IST" name="refreshPg" finished-at="2023-02-20T00:21:43 IST" duration-ms="0" status="PASS">
          <reporter-output>
          </reporter-output>
        </test-method> <!-- refreshPg -->
        <test-method is-config="true" signature="tearDown()[pri:0, instance:demo.TestNGEx02@1613674b]" started-at="2023-02-20T00:21:43 IST" name="tearDown" finished-at="2023-02-20T00:21:43 IST" duration-ms="0" status="PASS">
          <reporter-output>
          </reporter-output>
        </test-method> <!-- tearDown -->
      </class> <!-- demo.TestNGEx02 -->
    </test> <!-- Default test -->
  </suite> <!-- Default suite -->
</testng-results>
